<?xml version="1.0" encoding="UTF-8"?>
<!-- Generated by org.testng.reporters.JUnitReportReporter -->
<testsuite hostname="LAPTOP-6UFE13C0" failures="0" tests="2" name="runner.TestRunner" time="69.704" errors="0" timestamp="2024-08-19T18:15:18 IST" skipped="0">
  <testcase classname="runner.TestRunner" name="runScenario" time="16.934"/>
  <system-out/>
  <testcase classname="runner.TestRunner" name="runScenario" time="52.770"/>
  <system-out/>
</testsuite> <!-- runner.TestRunner -->
